<?xml version="1.0" encoding="UTF-8"?>
<testsuite xmlns:xsi="http://www.w3.org/2001/XMLSchema-instance" xsi:noNamespaceSchemaLocation="https://maven.apache.org/surefire/maven-surefire-plugin/xsd/surefire-test-report-3.0.xsd" version="3.0" name="TestSuite" time="4.266" tests="1" errors="0" skipped="0" failures="1">
  <properties>
[...]
</properties>
  <testcase name="runScenario[&quot;Verify TestSquad homepage title&quot;, &quot;TestSquad Homepage Verification&quot;](1)" classname="com.testsquad.runners.TestRunner" time="3.456">
    <failure message="expected [TestSquad - Quality Assurance Services] but found [TestSquad – Reliable Software Testing Services]" type="java.lang.AssertionError"><![CDATA[java.lang.AssertionError: expected [TestSquad - Quality Assurance Services] but found [TestSquad – Reliable Software Testing Services]
	at org.testng.Assert.fail(Assert.java:111)
	at org.testng.Assert.failNotEquals(Assert.java:1578)
	at org.testng.Assert.assertEqualsImpl(Assert.java:150)
	at org.testng.Assert.assertEquals(Assert.java:132)
	at org.testng.Assert.assertEquals(Assert.java:656)
	at org.testng.Assert.assertEquals(Assert.java:666)
	at com.testsquad.stepdefs.HomePageSteps.thePageTitleShouldBe(HomePageSteps.java:27)
	at ✽.the page title should be "TestSquad - Quality Assurance Services"(file:///Users/eliya/ts-selenium-testing/src/test/resources/features/HomePage.feature:5)
]]></failure>
    <system-out><![CDATA[13:41:19.717 [main] DEBUG org.testng.TestNG -- suiteXmlPath: "/Users/eliya/ts-selenium-testing/src/test/resources/testng.xml"

Scenario: Verify TestSquad homepage title                                # src/test/resources/features/HomePage.feature:3
  Given I am on the TestSquad homepage                                   # com.testsquad.stepdefs.HomePageSteps.iAmOnTheTestSquadHomepage()
  Then the page title should be "TestSquad - Quality Assurance Services" # com.testsquad.stepdefs.HomePageSteps.thePageTitleShouldBe(java.lang.String)
      java.lang.AssertionError: expected [TestSquad - Quality Assurance Services] but found [TestSquad – Reliable Software Testing Services]
	at org.testng.Assert.fail(Assert.java:111)
	at org.testng.Assert.failNotEquals(Assert.java:1578)
	at org.testng.Assert.assertEqualsImpl(Assert.java:150)
	at org.testng.Assert.assertEquals(Assert.java:132)
	at org.testng.Assert.assertEquals(Assert.java:656)
	at org.testng.Assert.assertEquals(Assert.java:666)
	at com.testsquad.stepdefs.HomePageSteps.thePageTitleShouldBe(HomePageSteps.java:27)
	at ✽.the page title should be "TestSquad - Quality Assurance Services"(file:///Users/eliya/ts-selenium-testing/src/test/resources/features/HomePage.feature:5)

]]></system-out>
    <system-err><![CDATA[Feb 17, 2025 1:41:20 PM org.openqa.selenium.devtools.CdpVersionFinder findNearestMatch
WARNING: Unable to find CDP implementation matching 133
Feb 17, 2025 1:41:20 PM org.openqa.selenium.chromium.ChromiumDriver lambda$new$5
WARNING: Unable to find version of CDP to use for 133.0.6943.98. You may need to include a dependency on a specific version of the CDP using something similar to `org.seleniumhq.selenium:selenium-devtools-v86:4.16.1` where the version ("v86") matches the version of the chromium-based browser you're using and the version number of the artifact is the same as Selenium's.
]]></system-err>
  </testcase>
</testsuite>